Using pre-set license
Built from '2020.3/staging' branch; Version is '2020.3.0f1 (c7b5465681fb) revision 13088070'; Using compiler version '192528614'; Build Type 'Release'
OS: 'Windows 10 Home; OS build 19042.867; Version 2009; 64bit' Language: 'en' Physical Memory: 14210 MB
BatchMode: 1, IsHumanControllingUs: 0, StartBugReporterOnCrash: 0, Is64bit: 1, IsPro: 0

 COMMAND LINE ARGUMENTS:
C:\Program Files\Unity\Hub\Editor\2020.3.0f1\Editor\Unity.exe
-adb2
-batchMode
-noUpm
-name
AssetImportWorker0
-projectPath
C:/Users/meril/Desktop/Uni/Sync/4. Semester/Intro to Unity/New Unity Project
-logFile
Logs/AssetImportWorker0.log
-srvPort
52563
Successfully changed project path to: C:/Users/meril/Desktop/Uni/Sync/4. Semester/Intro to Unity/New Unity Project
C:/Users/meril/Desktop/Uni/Sync/4. Semester/Intro to Unity/New Unity Project
Using Asset Import Pipeline V2.
Refreshing native plugins compatible for Editor in 51.18 ms, found 0 plugins.
Preloading 0 native plugins for Editor in 0.00 ms.
Initialize engine version: 2020.3.0f1 (c7b5465681fb)
[Subsystems] Discovering subsystems at path C:/Program Files/Unity/Hub/Editor/2020.3.0f1/Editor/Data/Resources/UnitySubsystems
[Subsystems] Discovering subsystems at path C:/Users/meril/Desktop/Uni/Sync/4. Semester/Intro to Unity/New Unity Project/Assets
GfxDevice: creating device client; threaded=0
Direct3D:
    Version:  Direct3D 11.0 [level 11.1]
    Renderer: AMD Radeon(TM) RX Vega 10 Graphics (ID=0x15d8)
    Vendor:   
    VRAM:     7105 MB
    Driver:   26.20.14036.4002
Initialize mono
Mono path[0] = 'C:/Program Files/Unity/Hub/Editor/2020.3.0f1/Editor/Data/Managed'
Mono path[1] = 'C:/Program Files/Unity/Hub/Editor/2020.3.0f1/Editor/Data/MonoBleedingEdge/lib/mono/unityjit'
Mono config path = 'C:/Program Files/Unity/Hub/Editor/2020.3.0f1/Editor/Data/MonoBleedingEdge/etc'
Using monoOptions --debugger-agent=transport=dt_socket,embedding=1,server=y,suspend=n,address=127.0.0.1:56304
Begin MonoManager ReloadAssembly
Registering precompiled unity dll's ...
Register platform support module: C:/Program Files/Unity/Hub/Editor/2020.3.0f1/Editor/Data/PlaybackEngines/WindowsStandaloneSupport/UnityEditor.WindowsStandalone.Extensions.dll
Registered in 0.009644 seconds.
Native extension for WindowsStandalone target not found
Refreshing native plugins compatible for Editor in 91.49 ms, found 0 plugins.
Preloading 0 native plugins for Editor in 0.00 ms.
Invoked RoslynAnalysisRunner static constructor.
RoslynAnalysisRunner will not be running.
RoslynAnalysisRunner has terminated.
Mono: successfully reloaded assembly
- Completed reload, in  4.014 seconds
Platform modules already initialized, skipping
Registering precompiled user dll's ...
Registered in 0.002935 seconds.
Begin MonoManager ReloadAssembly
Native extension for WindowsStandalone target not found
Refreshing native plugins compatible for Editor in 0.34 ms, found 0 plugins.
Preloading 0 native plugins for Editor in 0.00 ms.
Invoked RoslynAnalysisRunner static constructor.
RoslynAnalysisRunner will not be running.
RoslynAnalysisRunner has terminated.
Mono: successfully reloaded assembly
- Completed reload, in  2.512 seconds
Platform modules already initialized, skipping
========================================================================
Worker process is ready to serve import requests
Launched and connected shader compiler UnityShaderCompiler.exe after 0.12 seconds
Refreshing native plugins compatible for Editor in 0.60 ms, found 0 plugins.
Preloading 0 native plugins for Editor in 0.00 ms.
Unloading 1113 Unused Serialized files (Serialized files now loaded: 0)
System memory in use before: 58.1 MB.
System memory in use after: 58.2 MB.

Unloading 10 unused Assets to reduce memory usage. Loaded Objects now: 1562.
Total: 4.588500 ms (FindLiveObjects: 0.366300 ms CreateObjectMapping: 0.193800 ms MarkObjects: 3.855600 ms  DeleteObjects: 0.169700 ms)

========================================================================
Received Import Request.
  path: Assets/Materials/New Material.mat
  artifactKey: Guid(63f13a1dac06ae04bba36723aaff29f9) Importer(815301076,1909f56bfc062723c751e8b465ee728b)
Start importing Assets/Materials/New Material.mat using Guid(63f13a1dac06ae04bba36723aaff29f9) Importer(815301076,1909f56bfc062723c751e8b465ee728b)  -> (artifact id: 'a8c5ea70cc942ea5c1eb08f0291d9002') in 0.223970 seconds
  Import took 0.228848 seconds .

========================================================================
Received Import Request.
  Time since last request: 105.851233 seconds.
  path: Assets/Scenes/new_scene.unity
  artifactKey: Guid(db20b818dbb9dc5408abebe0183e835e) Importer(815301076,1909f56bfc062723c751e8b465ee728b)
Start importing Assets/Scenes/new_scene.unity using Guid(db20b818dbb9dc5408abebe0183e835e) Importer(815301076,1909f56bfc062723c751e8b465ee728b)  -> (artifact id: 'a6a9b3ed3960ee8f3eccb37ca6d32622') in 0.018542 seconds
  Import took 0.025365 seconds .

========================================================================
Received Import Request.
  Time since last request: 25.310862 seconds.
  path: Assets/Materials/New Material.mat
  artifactKey: Guid(63f13a1dac06ae04bba36723aaff29f9) Importer(815301076,1909f56bfc062723c751e8b465ee728b)
Start importing Assets/Materials/New Material.mat using Guid(63f13a1dac06ae04bba36723aaff29f9) Importer(815301076,1909f56bfc062723c751e8b465ee728b)  -> (artifact id: '20bb339a951644cfea84ca92e795a61c') in 0.038089 seconds
  Import took 0.043927 seconds .

========================================================================
Received Import Request.
  Time since last request: 391.246823 seconds.
  path: Assets/Scripts
  artifactKey: Guid(06510205c80b70a459b8394f8b0b4430) Importer(815301076,1909f56bfc062723c751e8b465ee728b)
Start importing Assets/Scripts using Guid(06510205c80b70a459b8394f8b0b4430) Importer(815301076,1909f56bfc062723c751e8b465ee728b)  -> (artifact id: 'adae462e547c057bdf4dba87651cc009') in 0.017340 seconds
  Import took 0.022574 seconds .

========================================================================
Received Import Request.
  Time since last request: 10.984035 seconds.
  path: Assets/Scripts/Player.cs
  artifactKey: Guid(f7d3cb4ee8501464397afe590f151a9d) Importer(815301076,1909f56bfc062723c751e8b465ee728b)
Start importing Assets/Scripts/Player.cs using Guid(f7d3cb4ee8501464397afe590f151a9d) Importer(815301076,1909f56bfc062723c751e8b465ee728b)  -> (artifact id: '78f3d8827330867e8a0f2c329189d487') in 0.029260 seconds
  Import took 0.035316 seconds .

========================================================================
Received Prepare
Registering precompiled user dll's ...
Registered in 0.001584 seconds.
Begin MonoManager ReloadAssembly
Native extension for WindowsStandalone target not found
Refreshing native plugins compatible for Editor in 0.45 ms, found 0 plugins.
Preloading 0 native plugins for Editor in 0.00 ms.
Invoked RoslynAnalysisRunner static constructor.
RoslynAnalysisRunner will not be running.
RoslynAnalysisRunner has terminated.
Mono: successfully reloaded assembly
- Completed reload, in  5.710 seconds
Platform modules already initialized, skipping
Refreshing native plugins compatible for Editor in 0.37 ms, found 0 plugins.
Preloading 0 native plugins for Editor in 0.00 ms.
Unloading 1109 Unused Serialized files (Serialized files now loaded: 0)
System memory in use before: 61.4 MB.
System memory in use after: 61.5 MB.

Unloading 5 unused Assets to reduce memory usage. Loaded Objects now: 1606.
Total: 5.869100 ms (FindLiveObjects: 0.435900 ms CreateObjectMapping: 0.167800 ms MarkObjects: 5.172000 ms  DeleteObjects: 0.090600 ms)

AssetImportWorkerClient::OnTransportError - code=2 error=End of file
